<?xml version="1.0" encoding="UTF-8"?>
<!-- Generated by org.testng.reporters.JUnitReportReporter -->
<testsuite skipped="0" hostname="IBM-Testing01" name="demowebshoptestpackage.Registertest" tests="1" failures="0" timestamp="09 Jan 2020 04:38:29 GMT" time="14.349" errors="0">
  <testcase name="checkregister" time="14.349" classname="demowebshoptestpackage.Registertest"/>
</testsuite> <!-- demowebshoptestpackage.Registertest -->
