<?xml version="1.0" encoding="UTF-8"?>
<!-- Generated by org.testng.reporters.JUnitReportReporter -->
<testsuite skipped="0" hostname="IBM-Testing01" name="demowebshoptestpackage.Logintest" tests="1" failures="0" timestamp="09 Jan 2020 04:14:25 GMT" time="17.712" errors="0">
  <testcase name="checklogin" time="17.712" classname="demowebshoptestpackage.Logintest"/>
</testsuite> <!-- demowebshoptestpackage.Logintest -->
